Determining if the pthread_create exist failed with the following output:
Change Dir: /src/build/Analysis/CMakeFiles/CMakeTmp

Run Build Command:/usr/bin/make "cmTryCompileExec726393965/fast"
/usr/bin/make -f CMakeFiles/cmTryCompileExec726393965.dir/build.make CMakeFiles/cmTryCompileExec726393965.dir/build
make[1]: Entering directory `/src/build/Analysis/CMakeFiles/CMakeTmp'
/usr/bin/cmake -E cmake_progress_report /src/build/Analysis/CMakeFiles/CMakeTmp/CMakeFiles 1
Building C object CMakeFiles/cmTryCompileExec726393965.dir/CheckSymbolExists.c.o
/usr/bin/cc    -o CMakeFiles/cmTryCompileExec726393965.dir/CheckSymbolExists.c.o   -c /src/build/Analysis/CMakeFiles/CMakeTmp/CheckSymbolExists.c
Linking C executable cmTryCompileExec726393965
/usr/bin/cmake -E cmake_link_script CMakeFiles/cmTryCompileExec726393965.dir/link.txt --verbose=1
/usr/bin/cc       CMakeFiles/cmTryCompileExec726393965.dir/CheckSymbolExists.c.o  -o cmTryCompileExec726393965 -rdynamic 
CMakeFiles/cmTryCompileExec726393965.dir/CheckSymbolExists.c.o: In function `main':
CheckSymbolExists.c:(.text+0x16): undefined reference to `pthread_create'
collect2: error: ld returned 1 exit status
make[1]: Leaving directory `/src/build/Analysis/CMakeFiles/CMakeTmp'
make[1]: *** [cmTryCompileExec726393965] Error 1
make: *** [cmTryCompileExec726393965/fast] Error 2

File /src/build/Analysis/CMakeFiles/CMakeTmp/CheckSymbolExists.c:
/* */
#include <pthread.h>

int main(int argc, char** argv)
{
  (void)argv;
#ifndef pthread_create
  return ((int*)(&pthread_create))[argc];
#else
  (void)argc;
  return 0;
#endif
}

Determining if the function pthread_create exists in the pthreads failed with the following output:
Change Dir: /src/build/Analysis/CMakeFiles/CMakeTmp

Run Build Command:/usr/bin/make "cmTryCompileExec3352325347/fast"
/usr/bin/make -f CMakeFiles/cmTryCompileExec3352325347.dir/build.make CMakeFiles/cmTryCompileExec3352325347.dir/build
make[1]: Entering directory `/src/build/Analysis/CMakeFiles/CMakeTmp'
/usr/bin/cmake -E cmake_progress_report /src/build/Analysis/CMakeFiles/CMakeTmp/CMakeFiles 1
Building C object CMakeFiles/cmTryCompileExec3352325347.dir/CheckFunctionExists.c.o
/usr/bin/cc   -DCHECK_FUNCTION_EXISTS=pthread_create   -o CMakeFiles/cmTryCompileExec3352325347.dir/CheckFunctionExists.c.o   -c /usr/share/cmake-2.8/Modules/CheckFunctionExists.c
Linking C executable cmTryCompileExec3352325347
/usr/bin/cmake -E cmake_link_script CMakeFiles/cmTryCompileExec3352325347.dir/link.txt --verbose=1
/usr/bin/cc   -DCHECK_FUNCTION_EXISTS=pthread_create    CMakeFiles/cmTryCompileExec3352325347.dir/CheckFunctionExists.c.o  -o cmTryCompileExec3352325347 -rdynamic -lpthreads 
/usr/bin/ld: cannot find -lpthreads
collect2: error: ld returned 1 exit status
make[1]: *** [cmTryCompileExec3352325347] Error 1
make[1]: Leaving directory `/src/build/Analysis/CMakeFiles/CMakeTmp'
make: *** [cmTryCompileExec3352325347/fast] Error 2


Performing C SOURCE FILE Test HAS_DIAGNOSTICS_COLOR failed with the following output:
Change Dir: /src/build/Analysis/CMakeFiles/CMakeTmp

Run Build Command:/usr/bin/make "cmTryCompileExec1857164938/fast"
/usr/bin/make -f CMakeFiles/cmTryCompileExec1857164938.dir/build.make CMakeFiles/cmTryCompileExec1857164938.dir/build
make[1]: Entering directory `/src/build/Analysis/CMakeFiles/CMakeTmp'
/usr/bin/cmake -E cmake_progress_report /src/build/Analysis/CMakeFiles/CMakeTmp/CMakeFiles 1
Building C object CMakeFiles/cmTryCompileExec1857164938.dir/src.c.o
/usr/bin/cc   -DHAS_DIAGNOSTICS_COLOR   -fdiagnostics-color=never -o CMakeFiles/cmTryCompileExec1857164938.dir/src.c.o   -c /src/build/Analysis/CMakeFiles/CMakeTmp/src.c
cc: error: unrecognized command line option '-fdiagnostics-color=never'
make[1]: *** [CMakeFiles/cmTryCompileExec1857164938.dir/src.c.o] Error 1
make[1]: Leaving directory `/src/build/Analysis/CMakeFiles/CMakeTmp'
make: *** [cmTryCompileExec1857164938/fast] Error 2

Source file was:
int main(void) { return 0; }
